<?xml version="1.0" encoding="UTF-8"?>
<testng-results ignored="0" total="1" passed="1" failed="0" skipped="0">
  <reporter-output>
  </reporter-output>
  <suite started-at="2021-06-16T14:38:30 IST" name="Default suite" finished-at="2021-06-16T14:38:55 IST" duration-ms="24892">
    <groups>
    </groups>
    <test started-at="2021-06-16T14:38:30 IST" name="Default test" finished-at="2021-06-16T14:38:55 IST" duration-ms="24892">
      <class name="com.cyient.test.ProductCartTest">
        <test-method is-config="true" signature="setup()[pri:0, instance:com.cyient.test.ProductCartTest@73700b80]" started-at="2021-06-16T14:38:30 IST" name="setup" finished-at="2021-06-16T14:38:42 IST" duration-ms="11668" status="PASS">
          <reporter-output>
          </reporter-output>
        </test-method> <!-- setup -->
        <test-method signature="cartTest()[pri:0, instance:com.cyient.test.ProductCartTest@73700b80]" started-at="2021-06-16T14:38:42 IST" name="cartTest" finished-at="2021-06-16T14:38:54 IST" duration-ms="11837" status="PASS">
          <reporter-output>
          </reporter-output>
        </test-method> <!-- cartTest -->
        <test-method is-config="true" signature="teardown()[pri:0, instance:com.cyient.test.ProductCartTest@73700b80]" started-at="2021-06-16T14:38:54 IST" name="teardown" finished-at="2021-06-16T14:38:55 IST" duration-ms="1350" status="PASS">
          <reporter-output>
          </reporter-output>
        </test-method> <!-- teardown -->
      </class> <!-- com.cyient.test.ProductCartTest -->
    </test> <!-- Default test -->
  </suite> <!-- Default suite -->
</testng-results>
